<?xml version="1.0" encoding="UTF-8"?>
<testsuite xmlns:xsi="http://www.w3.org/2001/XMLSchema-instance" xsi:noNamespaceSchemaLocation="https://maven.apache.org/surefire/maven-surefire-plugin/xsd/surefire-test-report.xsd" name="MainTest" time="1.161" tests="10" errors="0" skipped="0" failures="2">
  <properties>
[...]
</properties>
  <testcase name="testDistanceMethodWithPointParameter" classname="MainTest" time="0.025"/>
  <testcase name="testDistanceMethodWithTwoParameter" classname="MainTest" time="0.002"/>
  <testcase name="testWeaponTypesAccessModifiers" classname="MainTest" time="0.004"/>
  <testcase name="testPlayerTypesAccessModifiers" classname="MainTest" time="0.007">
    <failure message="expected: &lt;4&gt; but was: &lt;2&gt;" type="org.opentest4j.AssertionFailedError"><![CDATA[org.opentest4j.AssertionFailedError: expected: <4> but was: <2>
	at MainTest.testPlayerTypesAccessModifiers(MainTest.java:68)
]]></failure>
  </testcase>
  <testcase name="testDistanceMethodWithoutParameter" classname="MainTest" time="0"/>
  <testcase name="testPointTypes" classname="MainTest" time="0"/>
  <testcase name="testRestoreHealth" classname="MainTest" time="0.001"/>
  <testcase name="testLoseHealth" classname="MainTest" time="0.002">
    <failure message="expected: &lt;-20.0&gt; but was: &lt;0.0&gt;" type="org.opentest4j.AssertionFailedError"><![CDATA[org.opentest4j.AssertionFailedError: expected: <-20.0> but was: <0.0>
	at MainTest.testLoseHealth(MainTest.java:99)
]]></failure>
    <system-out><![CDATA[John player has been knocked out of game
]]></system-out>
  </testcase>
  <testcase name="testHealthPercentage" classname="MainTest" time="0"/>
  <testcase name="testPointTypesAccessModifiers" classname="MainTest" time="0"/>
</testsuite>